app/build/outputs/logs/manifest-merger-debug-report.txt
-- Merging decision tree log ---
manifest
ADDED from src\main\AndroidManifest.xml:2:1-269:12
INJECTED from src\main\AndroidManifest.xml:2:1-269:12
INJECTED from src\main\AndroidManifest.xml:2:1-269:12
INJECTED from src\main\AndroidManifest.xml:2:1-269:12
MERGED from [com.ashokvarma.android:bottom-navigation-bar:2.0.3] AndroidManifest.xml:2:1-13:12
MERGED from [de.hdodenhof:circleimageview:2.1.0] AndroidManifest.xml:2:1-11:12
MERGED from [cn.jiguang.sdk:jmessage:2.8.0] AndroidManifest.xml:2:1-134:12
MERGED from [cn.jiguang.sdk:jcore:1.2.6] AndroidManifest.xml:2:1-14:12
MERGED from [cn.smssdk:SMSSDK:3.3.0] AndroidManifest.xml:2:1-11:12
MERGED from [cn.smssdk:ShortMessageSDKGUI:3.3.0] AndroidManifest.xml:2:1-16:12
MERGED from [:library] AndroidManifest.xml:2:1-17:12
MERGED from [:silicompressor] AndroidManifest.xml:2:1-20:12
MERGED from [com.android.support:design:27.1.1] AndroidManifest.xml:17:1-22:12
MERGED from [com.shuyu:GSYVideoPlayer:6.0.2] AndroidManifest.xml:2:1-17:12
MERGED from [com.shuyu:gsyVideoPlayer-java:6.0.2] AndroidManifest.xml:2:1-17:12
MERGED from [com.android.support:appcompat-v7:27.1.1] AndroidManifest.xml:17:1-22:12
MERGED from [com.android.support.constraint:constraint-layout:1.0.2] AndroidManifest.xml:2:1-11:12
MERGED from [com.andkulikov:transitionseverywhere:1.7.0] AndroidManifest.xml:2:1-14:12
MERGED from [com.android.support:support-v4:27.1.1] AndroidManifest.xml:17:1-22:12
MERGED from [com.android.support:cardview-v7:27.0.2] AndroidManifest.xml:17:1-22:12
MERGED from [com.android.support:recyclerview-v7:27.1.1] AndroidManifest.xml:17:1-22:12
MERGED from [cn.jzvd:jiaozivideoplayer:6.4.1] AndroidManifest.xml:2:1-13:12
MERGED from [top.zibin:Luban:1.1.8] AndroidManifest.xml:2:1-11:12
MERGED from [com.shuyu:gsyVideoPlayer-armv5:6.0.2] AndroidManifest.xml:2:1-17:12
MERGED from [com.shuyu:gsyVideoPlayer-armv7a:6.0.2] AndroidManifest.xml:2:1-17:12
MERGED from [com.shuyu:gsyVideoPlayer-arm64:6.0.2] AndroidManifest.xml:2:1-17:12
MERGED from [com.shuyu:gsyVideoPlayer-x64:6.0.2] AndroidManifest.xml:2:1-17:12
MERGED from [com.shuyu:gsyVideoPlayer-x86:6.0.2] AndroidManifest.xml:2:1-17:12
MERGED from [com.android.support:transition:27.1.1] AndroidManifest.xml:17:1-22:12
MERGED from [com.shuyu:GSYVideoPlayer-exo2:6.0.2] AndroidManifest.xml:2:1-11:12
MERGED from [com.google.android.exoplayer:exoplayer:2.9.1] AndroidManifest.xml:17:1-24:12
MERGED from [com.google.android.exoplayer:exoplayer-ui:2.9.1] AndroidManifest.xml:17:1-24:12
MERGED from [com.android.support:support-media-compat:27.1.1] AndroidManifest.xml:17:1-22:12
MERGED from [com.android.support:support-fragment:27.1.1] AndroidManifest.xml:17:1-22:12
MERGED from [com.android.support:animated-vector-drawable:27.1.1] AndroidManifest.xml:17:1-22:12
MERGED from [com.android.support:support-core-ui:27.1.1] AndroidManifest.xml:17:1-22:12
MERGED from [com.android.support:support-core-utils:27.1.1] AndroidManifest.xml:17:1-22:12
MERGED from [com.android.support:support-vector-drawable:27.1.1] AndroidManifest.xml:17:1-22:12
MERGED from [com.android.support:support-compat:27.1.1] AndroidManifest.xml:17:1-22:12
MERGED from [com.google.android.exoplayer:extension-rtmp:2.9.1] AndroidManifest.xml:17:1-24:12
MERGED from [com.google.android.exoplayer:exoplayer-dash:2.9.1] AndroidManifest.xml:17:1-24:12
MERGED from [com.google.android.exoplayer:exoplayer-hls:2.9.1] AndroidManifest.xml:17:1-24:12
MERGED from [com.google.android.exoplayer:exoplayer-smoothstreaming:2.9.1] AndroidManifest.xml:17:1-24:12
MERGED from [com.google.android.exoplayer:exoplayer-core:2.9.1] AndroidManifest.xml:17:1-26:12
MERGED from [com.shuyu:gsyVideoPlayer-base:6.0.2] AndroidManifest.xml:2:1-11:12
MERGED from [tv.danmaku.ijk.media:ijkplayer-java:0.8.8] AndroidManifest.xml:2:1-9:12
MERGED from [com.shuyu:gsyvideoplayer-androidvideocache:6.0.2] AndroidManifest.xml:2:1-17:12
MERGED from [android.arch.lifecycle:runtime:1.1.0] AndroidManifest.xml:17:1-22:12
MERGED from [net.butterflytv.utils:rtmp-client:3.0.1] AndroidManifest.xml:2:1-13:12
MERGED from [android.arch.lifecycle:livedata-core:1.1.0] AndroidManifest.xml:17:1-22:12
MERGED from [android.arch.core:runtime:1.1.0] AndroidManifest.xml:17:1-22:12
MERGED from [android.arch.lifecycle:viewmodel:1.1.0] AndroidManifest.xml:17:1-22:12
INJECTED from src\main\AndroidManifest.xml:2:1-269:12
INJECTED from src\main\AndroidManifest.xml:2:1-269:12
INJECTED from src\main\AndroidManifest.xml:2:1-269:12
	package
		ADDED from src\main\AndroidManifest.xml:4:5-34
		INJECTED from src\main\AndroidManifest.xml
		INJECTED from src\main\AndroidManifest.xml
	android:versionName
		INJECTED from src\main\AndroidManifest.xml
		ADDED from src\main\AndroidManifest.xml:2:1-269:12
		INJECTED from src\main\AndroidManifest.xml
	xmlns:tools
		ADDED from src\main\AndroidManifest.xml:3:5-51
	android:versionCode
		INJECTED from src\main\AndroidManifest.xml
		ADDED from src\main\AndroidManifest.xml:2:1-269:12
		INJECTED from src\main\AndroidManifest.xml
	xmlns:android
		ADDED from src\main\AndroidManifest.xml:2:11-69
permission#com.example.fitdemo.permission.JPUSH_MESSAGE
ADDED from src\main\AndroidManifest.xml:6:5-8:46
MERGED from [cn.jiguang.sdk:jmessage:2.8.0] AndroidManifest.xml:11:5-13:47
	android:protectionLevel
		ADDED from src\main\AndroidManifest.xml:8:9-44
	android:name
		ADDED from src\main\AndroidManifest.xml:7:9-68
uses-permission#android.permission.INTERNET
ADDED from src\main\AndroidManifest.xml:11:5-67
MERGED from [cn.jiguang.sdk:jmessage:2.8.0] AndroidManifest.xml:18:5-67
MERGED from [cn.jiguang.sdk:jmessage:2.8.0] AndroidManifest.xml:18:5-67
MERGED from [net.butterflytv.utils:rtmp-client:3.0.1] AndroidManifest.xml:11:5-67
MERGED from [net.butterflytv.utils:rtmp-client:3.0.1] AndroidManifest.xml:11:5-67
	android:name
		ADDED from src\main\AndroidManifest.xml:11:22-64
uses-permission#android.permission.ACCESS_NETWORK_STATE
ADDED from src\main\AndroidManifest.xml:13:5-79
MERGED from [cn.jiguang.sdk:jmessage:2.8.0] AndroidManifest.xml:25:5-79
MERGED from [cn.jiguang.sdk:jmessage:2.8.0] AndroidManifest.xml:25:5-79
MERGED from [cn.jzvd:jiaozivideoplayer:6.4.1] AndroidManifest.xml:11:5-79
MERGED from [cn.jzvd:jiaozivideoplayer:6.4.1] AndroidManifest.xml:11:5-79
MERGED from [com.google.android.exoplayer:exoplayer-core:2.9.1] AndroidManifest.xml:24:5-79
MERGED from [com.google.android.exoplayer:exoplayer-core:2.9.1] AndroidManifest.xml:24:5-79
	android:name
		ADDED from src\main\AndroidManifest.xml:13:22-76
uses-permission#android.permission.ACCESS_WIFI_STATE
ADDED from src\main\AndroidManifest.xml:15:5-76
MERGED from [cn.jiguang.sdk:jmessage:2.8.0] AndroidManifest.xml:27:5-76
MERGED from [cn.jiguang.sdk:jmessage:2.8.0] AndroidManifest.xml:27:5-76
	android:name
		ADDED from src\main\AndroidManifest.xml:15:22-73
uses-permission#android.permission.WAKE_LOCK
ADDED from src\main\AndroidManifest.xml:17:5-68
MERGED from [cn.jiguang.sdk:jmessage:2.8.0] AndroidManifest.xml:19:5-68
MERGED from [cn.jiguang.sdk:jmessage:2.8.0] AndroidManifest.xml:19:5-68
	android:name
		ADDED from src\main\AndroidManifest.xml:17:22-65
uses-permission#android.permission.WRITE_EXTERNAL_STORAGE
ADDED from src\main\AndroidManifest.xml:19:5-81
MERGED from [cn.jiguang.sdk:jmessage:2.8.0] AndroidManifest.xml:21:5-81
MERGED from [cn.jiguang.sdk:jmessage:2.8.0] AndroidManifest.xml:21:5-81
MERGED from [:silicompressor] AndroidManifest.xml:12:5-81
MERGED from [:silicompressor] AndroidManifest.xml:12:5-81
	android:name
		ADDED from src\main\AndroidManifest.xml:19:22-78
uses-permission#android.permission.READ_PHONE_STATE
ADDED from src\main\AndroidManifest.xml:21:5-75
MERGED from [cn.jiguang.sdk:jmessage:2.8.0] AndroidManifest.xml:20:5-75
MERGED from [cn.jiguang.sdk:jmessage:2.8.0] AndroidManifest.xml:20:5-75
	android:name
		ADDED from src\main\AndroidManifest.xml:21:22-72
uses-permission#android.permission.VIBRATE
ADDED from src\main\AndroidManifest.xml:23:5-66
MERGED from [cn.jiguang.sdk:jmessage:2.8.0] AndroidManifest.xml:23:5-66
MERGED from [cn.jiguang.sdk:jmessage:2.8.0] AndroidManifest.xml:23:5-66
	android:name
		ADDED from src\main\AndroidManifest.xml:23:22-63
uses-permission#android.permission.MOUNT_UNMOUNT_FILESYSTEMS
ADDED from src\main\AndroidManifest.xml:25:5-26:47
MERGED from [cn.jiguang.sdk:jmessage:2.8.0] AndroidManifest.xml:24:5-84
MERGED from [cn.jiguang.sdk:jmessage:2.8.0] AndroidManifest.xml:24:5-84
	tools:ignore
		ADDED from src\main\AndroidManifest.xml:26:9-44
	android:name
		ADDED from src\main\AndroidManifest.xml:25:22-81
uses-permission#android.permission.CAMERA
ADDED from src\main\AndroidManifest.xml:28:5-65
MERGED from [cn.jiguang.sdk:jmessage:2.8.0] AndroidManifest.xml:39:5-65
MERGED from [cn.jiguang.sdk:jmessage:2.8.0] AndroidManifest.xml:39:5-65
	android:name
		ADDED from src\main\AndroidManifest.xml:28:22-62
uses-permission#com.google.android.c2dm.permission.RECEIVE
ADDED from src\main\AndroidManifest.xml:30:5-82
	android:name
		ADDED from src\main\AndroidManifest.xml:30:22-79
uses-permission#android.permission.ACCESS_COARSE_LOCATION
ADDED from src\main\AndroidManifest.xml:32:5-80
MERGED from [cn.jiguang.sdk:jmessage:2.8.0] AndroidManifest.xml:31:5-81
MERGED from [cn.jiguang.sdk:jmessage:2.8.0] AndroidManifest.xml:31:5-81
	android:name
		ADDED from src\main\AndroidManifest.xml:32:22-78
uses-permission#android.permission.ACCESS_FINE_LOCATION
ADDED from src\main\AndroidManifest.xml:34:5-78
MERGED from [cn.jiguang.sdk:jmessage:2.8.0] AndroidManifest.xml:32:5-79
MERGED from [cn.jiguang.sdk:jmessage:2.8.0] AndroidManifest.xml:32:5-79
	android:name
		ADDED from src\main\AndroidManifest.xml:34:22-76
uses-permission#android.permission.CHANGE_WIFI_STATE
ADDED from src\main\AndroidManifest.xml:36:5-75
MERGED from [cn.jiguang.sdk:jmessage:2.8.0] AndroidManifest.xml:34:5-76
MERGED from [cn.jiguang.sdk:jmessage:2.8.0] AndroidManifest.xml:34:5-76
	android:name
		ADDED from src\main\AndroidManifest.xml:36:22-73
uses-permission#android.permission.READ_LOGS
ADDED from src\main\AndroidManifest.xml:38:5-39:47
	tools:ignore
		ADDED from src\main\AndroidManifest.xml:39:9-44
	android:name
		ADDED from src\main\AndroidManifest.xml:38:22-65
uses-permission#android.permission.WRITE_SETTINGS
ADDED from src\main\AndroidManifest.xml:41:5-42:47
MERGED from [cn.jiguang.sdk:jmessage:2.8.0] AndroidManifest.xml:26:5-73
MERGED from [cn.jiguang.sdk:jmessage:2.8.0] AndroidManifest.xml:26:5-73
	tools:ignore
		ADDED from src\main\AndroidManifest.xml:42:9-44
	android:name
		ADDED from src\main\AndroidManifest.xml:41:22-70
uses-permission#android.permission.BLUETOOTH
ADDED from src\main\AndroidManifest.xml:44:5-68
	android:name
		ADDED from src\main\AndroidManifest.xml:44:22-65
uses-permission#android.permission.BLUETOOTH_ADMIN
ADDED from src\main\AndroidManifest.xml:45:5-74
	android:name
		ADDED from src\main\AndroidManifest.xml:45:22-71
uses-permission#android.permission.GET_ACCOUNTS
ADDED from src\main\AndroidManifest.xml:47:5-71
	android:name
		ADDED from src\main\AndroidManifest.xml:47:22-68
uses-permission#com.example.fitdemo.permission.JPUSH_MESSAGE
ADDED from src\main\AndroidManifest.xml:49:5-84
MERGED from [cn.jiguang.sdk:jmessage:2.8.0] AndroidManifest.xml:16:5-81
	android:name
		ADDED from src\main\AndroidManifest.xml:49:22-81
uses-permission#android.permission.GET_TASKS
ADDED from src\main\AndroidManifest.xml:50:5-68
	android:name
		ADDED from src\main\AndroidManifest.xml:50:22-65
uses-permission#android.permission.RECORD_AUDIO
ADDED from src\main\AndroidManifest.xml:53:5-70
MERGED from [cn.jiguang.sdk:jmessage:2.8.0] AndroidManifest.xml:38:5-71
MERGED from [cn.jiguang.sdk:jmessage:2.8.0] AndroidManifest.xml:38:5-71
	android:name
		ADDED from src\main\AndroidManifest.xml:53:22-68
uses-permission#android.permission.READ_EXTERNAL_STORAGE
ADDED from src\main\AndroidManifest.xml:55:5-79
MERGED from [cn.jiguang.sdk:jmessage:2.8.0] AndroidManifest.xml:22:5-80
MERGED from [cn.jiguang.sdk:jmessage:2.8.0] AndroidManifest.xml:22:5-80
MERGED from [:silicompressor] AndroidManifest.xml:11:5-80
MERGED from [:silicompressor] AndroidManifest.xml:11:5-80
	android:name
		ADDED from src\main\AndroidManifest.xml:55:22-77
application
ADDED from src\main\AndroidManifest.xml:57:5-267:19
MERGED from [com.ashokvarma.android:bottom-navigation-bar:2.0.3] AndroidManifest.xml:11:5-47
MERGED from [com.ashokvarma.android:bottom-navigation-bar:2.0.3] AndroidManifest.xml:11:5-47
MERGED from [de.hdodenhof:circleimageview:2.1.0] AndroidManifest.xml:9:5-20
MERGED from [de.hdodenhof:circleimageview:2.1.0] AndroidManifest.xml:9:5-20
MERGED from [cn.jiguang.sdk:jmessage:2.8.0] AndroidManifest.xml:42:5-132:19
MERGED from [cn.jiguang.sdk:jmessage:2.8.0] AndroidManifest.xml:42:5-132:19
MERGED from [cn.jiguang.sdk:jcore:1.2.6] AndroidManifest.xml:11:5-12:19
MERGED from [cn.jiguang.sdk:jcore:1.2.6] AndroidManifest.xml:11:5-12:19
MERGED from [cn.smssdk:ShortMessageSDKGUI:3.3.0] AndroidManifest.xml:13:5-14:19
MERGED from [cn.smssdk:ShortMessageSDKGUI:3.3.0] AndroidManifest.xml:13:5-14:19
MERGED from [:library] AndroidManifest.xml:11:5-15:19
MERGED from [:library] AndroidManifest.xml:11:5-15:19
MERGED from [:silicompressor] AndroidManifest.xml:14:5-18:19
MERGED from [:silicompressor] AndroidManifest.xml:14:5-18:19
MERGED from [com.shuyu:GSYVideoPlayer:6.0.2] AndroidManifest.xml:11:5-15:19
MERGED from [com.shuyu:GSYVideoPlayer:6.0.2] AndroidManifest.xml:11:5-15:19
MERGED from [com.shuyu:gsyVideoPlayer-java:6.0.2] AndroidManifest.xml:11:5-15:19
MERGED from [com.shuyu:gsyVideoPlayer-java:6.0.2] AndroidManifest.xml:11:5-15:19
MERGED from [com.android.support.constraint:constraint-layout:1.0.2] AndroidManifest.xml:9:5-20
MERGED from [com.android.support.constraint:constraint-layout:1.0.2] AndroidManifest.xml:9:5-20
MERGED from [com.andkulikov:transitionseverywhere:1.7.0] AndroidManifest.xml:12:5-20
MERGED from [com.andkulikov:transitionseverywhere:1.7.0] AndroidManifest.xml:12:5-20
MERGED from [com.shuyu:gsyVideoPlayer-armv5:6.0.2] AndroidManifest.xml:11:5-15:19
MERGED from [com.shuyu:gsyVideoPlayer-armv5:6.0.2] AndroidManifest.xml:11:5-15:19
MERGED from [com.shuyu:gsyVideoPlayer-armv7a:6.0.2] AndroidManifest.xml:11:5-15:19
MERGED from [com.shuyu:gsyVideoPlayer-armv7a:6.0.2] AndroidManifest.xml:11:5-15:19
MERGED from [com.shuyu:gsyVideoPlayer-arm64:6.0.2] AndroidManifest.xml:11:5-15:19
MERGED from [com.shuyu:gsyVideoPlayer-arm64:6.0.2] AndroidManifest.xml:11:5-15:19
MERGED from [com.shuyu:gsyVideoPlayer-x64:6.0.2] AndroidManifest.xml:11:5-15:19
MERGED from [com.shuyu:gsyVideoPlayer-x64:6.0.2] AndroidManifest.xml:11:5-15:19
MERGED from [com.shuyu:gsyVideoPlayer-x86:6.0.2] AndroidManifest.xml:11:5-15:19
MERGED from [com.shuyu:gsyVideoPlayer-x86:6.0.2] AndroidManifest.xml:11:5-15:19
MERGED from [com.shuyu:gsyvideoplayer-androidvideocache:6.0.2] AndroidManifest.xml:11:5-15:19
MERGED from [com.shuyu:gsyvideoplayer-androidvideocache:6.0.2] AndroidManifest.xml:11:5-15:19
	android:supportsRtl
		ADDED from src\main\AndroidManifest.xml:61:9-35
	android:label
		ADDED from src\main\AndroidManifest.xml:60:9-41
	android:hardwareAccelerated
		ADDED from src\main\AndroidManifest.xml:63:9-43
	android:largeHeap
		ADDED from src\main\AndroidManifest.xml:64:9-33
	android:icon
		ADDED from src\main\AndroidManifest.xml:59:9-44
	android:allowBackup
		ADDED from src\main\AndroidManifest.xml:58:9-35
	android:theme
		ADDED from src\main\AndroidManifest.xml:62:9-65
activity#com.example.fitdemo.InitializeActivity
ADDED from src\main\AndroidManifest.xml:65:9-71:20
	android:name
		ADDED from src\main\AndroidManifest.xml:65:19-53
intent-filter#android.intent.action.MAIN+android.intent.category.LAUNCHER
ADDED from src\main\AndroidManifest.xml:66:13-70:29
action#android.intent.action.MAIN
ADDED from src\main\AndroidManifest.xml:67:17-69
	android:name
		ADDED from src\main\AndroidManifest.xml:67:25-66
category#android.intent.category.LAUNCHER
ADDED from src\main\AndroidManifest.xml:69:17-77
	android:name
		ADDED from src\main\AndroidManifest.xml:69:27-74
service#cn.jpush.android.service.PushService
ADDED from src\main\AndroidManifest.xml:75:9-85:19
MERGED from [cn.jiguang.sdk:jmessage:2.8.0] AndroidManifest.xml:46:9-57:19
MERGED from [cn.jiguang.sdk:jmessage:2.8.0] AndroidManifest.xml:46:9-57:19
	android:process
		ADDED from [cn.jiguang.sdk:jmessage:2.8.0] AndroidManifest.xml:50:13-40
	android:enabled
		ADDED from src\main\AndroidManifest.xml:77:13-35
	android:exported
		ADDED from src\main\AndroidManifest.xml:78:13-37
	android:name
		ADDED from src\main\AndroidManifest.xml:76:13-64
intent-filter#cn.jpush.android.intent.PUSH_TIME+cn.jpush.android.intent.PushService+cn.jpush.android.intent.REGISTER+cn.jpush.android.intent.REPORT
ADDED from src\main\AndroidManifest.xml:79:13-84:29
action#cn.jpush.android.intent.REGISTER
ADDED from src\main\AndroidManifest.xml:80:17-75
	android:name
		ADDED from src\main\AndroidManifest.xml:80:25-72
action#cn.jpush.android.intent.REPORT
ADDED from src\main\AndroidManifest.xml:81:17-73
	android:name
		ADDED from src\main\AndroidManifest.xml:81:25-70
action#cn.jpush.android.intent.PushService
ADDED from src\main\AndroidManifest.xml:82:17-78
	android:name
		ADDED from src\main\AndroidManifest.xml:82:25-75
action#cn.jpush.android.intent.PUSH_TIME
ADDED from src\main\AndroidManifest.xml:83:17-76
	android:name
		ADDED from src\main\AndroidManifest.xml:83:25-73
receiver#cn.jpush.android.service.AlarmReceiver
ADDED from src\main\AndroidManifest.xml:88:9-90:40
MERGED from [cn.jiguang.sdk:jmessage:2.8.0] AndroidManifest.xml:90:9-92:40
MERGED from [cn.jiguang.sdk:jmessage:2.8.0] AndroidManifest.xml:90:9-92:40
	android:exported
		ADDED from src\main\AndroidManifest.xml:90:13-37
	android:name
		ADDED from src\main\AndroidManifest.xml:89:13-66
provider#cn.jpush.android.service.DataProvider
ADDED from src\main\AndroidManifest.xml:93:9-96:40
MERGED from [cn.jiguang.sdk:jmessage:2.8.0] AndroidManifest.xml:95:9-98:40
MERGED from [cn.jiguang.sdk:jmessage:2.8.0] AndroidManifest.xml:95:9-98:40
	android:authorities
		ADDED from src\main\AndroidManifest.xml:95:13-67
	android:exported
		ADDED from src\main\AndroidManifest.xml:96:13-37
	android:name
		ADDED from src\main\AndroidManifest.xml:94:13-65
provider#cn.jpush.im.android.helpers.ipc.IMProvider
ADDED from src\main\AndroidManifest.xml:99:9-102:40
MERGED from [cn.jiguang.sdk:jmessage:2.8.0] AndroidManifest.xml:114:9-117:40
MERGED from [cn.jiguang.sdk:jmessage:2.8.0] AndroidManifest.xml:114:9-117:40
	android:authorities
		ADDED from src\main\AndroidManifest.xml:101:13-65
	android:exported
		ADDED from src\main\AndroidManifest.xml:102:13-37
	android:name
		ADDED from src\main\AndroidManifest.xml:100:13-70
receiver#cn.jpush.im.android.helpers.IMReceiver
ADDED from src\main\AndroidManifest.xml:105:9-109:20
MERGED from [cn.jiguang.sdk:jmessage:2.8.0] AndroidManifest.xml:83:9-87:20
MERGED from [cn.jiguang.sdk:jmessage:2.8.0] AndroidManifest.xml:83:9-87:20
	android:enabled
		ADDED from src\main\AndroidManifest.xml:107:13-35
	android:exported
		ADDED from src\main\AndroidManifest.xml:108:13-37
	android:name
		ADDED from src\main\AndroidManifest.xml:106:13-66
meta-data#JPUSH_CHANNEL
ADDED from src\main\AndroidManifest.xml:117:9-119:49
MERGED from [cn.jiguang.sdk:jmessage:2.8.0] AndroidManifest.xml:125:9-127:48
MERGED from [cn.jiguang.sdk:jmessage:2.8.0] AndroidManifest.xml:125:9-127:48
	android:value
		ADDED from src\main\AndroidManifest.xml:119:13-46
	android:name
		ADDED from src\main\AndroidManifest.xml:118:13-41
meta-data#JPUSH_APPKEY
ADDED from src\main\AndroidManifest.xml:122:9-124:56
MERGED from [cn.jiguang.sdk:jmessage:2.8.0] AndroidManifest.xml:129:9-131:47
MERGED from [cn.jiguang.sdk:jmessage:2.8.0] AndroidManifest.xml:129:9-131:47
	android:value
		ADDED from src\main\AndroidManifest.xml:124:13-53
	android:name
		ADDED from src\main\AndroidManifest.xml:123:13-40
activity#com.example.fitdemo.MainActivity
ADDED from src\main\AndroidManifest.xml:126:9-129:20
	tools:ignore
		ADDED from src\main\AndroidManifest.xml:127:13-47
	android:name
		ADDED from src\main\AndroidManifest.xml:126:19-47
activity#com.example.fitdemo.Subscribe.VideoPlayActivity
ADDED from src\main\AndroidManifest.xml:131:9-136:20
	android:screenOrientation
		ADDED from src\main\AndroidManifest.xml:134:13-49
	tools:ignore
		ADDED from src\main\AndroidManifest.xml:132:13-47
	android:configChanges
		ADDED from src\main\AndroidManifest.xml:133:13-74
	android:name
		ADDED from src\main\AndroidManifest.xml:131:19-62
activity#com.example.fitdemo.Classes.FitActivity
ADDED from src\main\AndroidManifest.xml:138:9-141:20
	tools:ignore
		ADDED from src\main\AndroidManifest.xml:139:13-47
	android:name
		ADDED from src\main\AndroidManifest.xml:138:19-54
activity#com.example.fitdemo.Classes.CyclingActivity
ADDED from src\main\AndroidManifest.xml:143:9-146:20
	tools:ignore
		ADDED from src\main\AndroidManifest.xml:144:13-47
	android:name
		ADDED from src\main\AndroidManifest.xml:143:19-58
activity#com.example.fitdemo.Classes.RunActivity
ADDED from src\main\AndroidManifest.xml:148:9-151:20
	tools:ignore
		ADDED from src\main\AndroidManifest.xml:149:13-47
	android:name
		ADDED from src\main\AndroidManifest.xml:148:19-54
activity#com.example.fitdemo.Classes.YogaActivity
ADDED from src\main\AndroidManifest.xml:153:9-156:20
	tools:ignore
		ADDED from src\main\AndroidManifest.xml:154:13-47
	android:name
		ADDED from src\main\AndroidManifest.xml:153:19-55
activity#com.example.fitdemo.User.UserRegistActivity
ADDED from src\main\AndroidManifest.xml:159:9-162:20
	tools:ignore
		ADDED from src\main\AndroidManifest.xml:160:13-47
	android:name
		ADDED from src\main\AndroidManifest.xml:159:19-58
activity#com.example.fitdemo.User.UserLoginActivity
ADDED from src\main\AndroidManifest.xml:164:9-167:20
	tools:ignore
		ADDED from src\main\AndroidManifest.xml:165:13-47
	android:name
		ADDED from src\main\AndroidManifest.xml:164:19-57
activity#com.example.fitdemo.Classes.ChildActivity
ADDED from src\main\AndroidManifest.xml:169:9-172:20
	tools:ignore
		ADDED from src\main\AndroidManifest.xml:170:13-47
	android:name
		ADDED from src\main\AndroidManifest.xml:169:19-56
activity#com.example.fitdemo.Broad.BroadcastActivity
ADDED from src\main\AndroidManifest.xml:174:9-179:20
	android:screenOrientation
		ADDED from src\main\AndroidManifest.xml:176:13-49
	tools:ignore
		ADDED from src\main\AndroidManifest.xml:177:13-47
	android:configChanges
		ADDED from src\main\AndroidManifest.xml:175:13-74
	android:name
		ADDED from src\main\AndroidManifest.xml:174:19-58
activity#com.example.fitdemo.HuDong.HuDongActivity
ADDED from src\main\AndroidManifest.xml:181:9-184:20
	tools:ignore
		ADDED from src\main\AndroidManifest.xml:182:13-47
	android:name
		ADDED from src\main\AndroidManifest.xml:181:19-56
activity#com.example.fitdemo.Personal.PersonClassActivity
ADDED from src\main\AndroidManifest.xml:186:9-189:20
	tools:ignore
		ADDED from src\main\AndroidManifest.xml:187:13-47
	android:name
		ADDED from src\main\AndroidManifest.xml:186:19-63
activity#com.example.fitdemo.Personal.PersonDeviceActivity
ADDED from src\main\AndroidManifest.xml:191:9-194:20
	tools:ignore
		ADDED from src\main\AndroidManifest.xml:192:13-47
	android:name
		ADDED from src\main\AndroidManifest.xml:191:19-64
activity#com.example.fitdemo.Personal.PersonChangeActivity
ADDED from src\main\AndroidManifest.xml:196:9-199:20
	tools:ignore
		ADDED from src\main\AndroidManifest.xml:197:13-47
	android:name
		ADDED from src\main\AndroidManifest.xml:196:19-64
activity#com.example.fitdemo.Personal.PersonExamActivity
ADDED from src\main\AndroidManifest.xml:201:9-204:20
	tools:ignore
		ADDED from src\main\AndroidManifest.xml:202:13-47
	android:name
		ADDED from src\main\AndroidManifest.xml:201:19-62
activity#com.example.fitdemo.Personal.PersonIndoorActivity
ADDED from src\main\AndroidManifest.xml:206:9-209:20
	tools:ignore
		ADDED from src\main\AndroidManifest.xml:207:13-47
	android:name
		ADDED from src\main\AndroidManifest.xml:206:19-64
activity#com.example.fitdemo.Subscribe.VideoRankActivity
ADDED from src\main\AndroidManifest.xml:211:9-214:20
	tools:ignore
		ADDED from src\main\AndroidManifest.xml:212:13-47
	android:name
		ADDED from src\main\AndroidManifest.xml:211:19-62
activity#com.example.fitdemo.HuDong.HuDongPlayActivity
ADDED from src\main\AndroidManifest.xml:216:9-218:52
	android:screenOrientation
		ADDED from src\main\AndroidManifest.xml:218:13-49
	android:configChanges
		ADDED from src\main\AndroidManifest.xml:217:13-74
	android:name
		ADDED from src\main\AndroidManifest.xml:216:19-60
activity#com.example.fitdemo.HuDong.HuDongPutActivity
ADDED from src\main\AndroidManifest.xml:220:9-225:20
	android:screenOrientation
		ADDED from src\main\AndroidManifest.xml:222:13-49
	tools:ignore
		ADDED from src\main\AndroidManifest.xml:223:13-47
	android:configChanges
		ADDED from src\main\AndroidManifest.xml:221:13-74
	android:name
		ADDED from src\main\AndroidManifest.xml:220:19-59
activity#com.example.fitdemo.Broad.GoBroadActivity
ADDED from src\main\AndroidManifest.xml:227:9-231:20
	android:screenOrientation
		ADDED from src\main\AndroidManifest.xml:228:13-50
	tools:ignore
		ADDED from src\main\AndroidManifest.xml:229:13-47
	android:name
		ADDED from src\main\AndroidManifest.xml:227:19-56
activity#com.example.fitdemo.Classes.TextActivity
ADDED from src\main\AndroidManifest.xml:233:9-236:20
	tools:ignore
		ADDED from src\main\AndroidManifest.xml:234:13-47
	android:name
		ADDED from src\main\AndroidManifest.xml:233:19-55
activity#com.example.fitdemo.Classes.BaseActivity
ADDED from src\main\AndroidManifest.xml:238:9-241:20
	tools:ignore
		ADDED from src\main\AndroidManifest.xml:239:13-47
	android:name
		ADDED from src\main\AndroidManifest.xml:238:19-55
activity#com.example.fitdemo.Classes.BaseNewActivity
ADDED from src\main\AndroidManifest.xml:243:9-246:20
	tools:ignore
		ADDED from src\main\AndroidManifest.xml:244:13-47
	android:name
		ADDED from src\main\AndroidManifest.xml:243:19-58
activity#com.example.fitdemo.Subscribe.VideoActivity
ADDED from src\main\AndroidManifest.xml:248:9-253:20
	android:screenOrientation
		ADDED from src\main\AndroidManifest.xml:251:13-49
	tools:ignore
		ADDED from src\main\AndroidManifest.xml:249:13-47
	android:configChanges
		ADDED from src\main\AndroidManifest.xml:250:13-74
	android:name
		ADDED from src\main\AndroidManifest.xml:248:19-58
activity#com.example.fitdemo.Video.VideoNewActivity
ADDED from src\main\AndroidManifest.xml:255:9-259:20
	android:screenOrientation
		ADDED from src\main\AndroidManifest.xml:258:13-49
	tools:ignore
		ADDED from src\main\AndroidManifest.xml:256:13-47
	android:configChanges
		ADDED from src\main\AndroidManifest.xml:257:13-74
	android:name
		ADDED from src\main\AndroidManifest.xml:255:19-57
activity#com.example.fitdemo.Broad.BroadNewActivity
ADDED from src\main\AndroidManifest.xml:261:9-265:20
	android:screenOrientation
		ADDED from src\main\AndroidManifest.xml:264:13-49
	tools:ignore
		ADDED from src\main\AndroidManifest.xml:262:13-47
	android:configChanges
		ADDED from src\main\AndroidManifest.xml:263:13-74
	android:name
		ADDED from src\main\AndroidManifest.xml:261:19-57
uses-sdk
INJECTED from src\main\AndroidManifest.xml reason: use-sdk injection requested
INJECTED from src\main\AndroidManifest.xml
INJECTED from src\main\AndroidManifest.xml
MERGED from [com.ashokvarma.android:bottom-navigation-bar:2.0.3] AndroidManifest.xml:7:5-9:41
MERGED from [com.ashokvarma.android:bottom-navigation-bar:2.0.3] AndroidManifest.xml:7:5-9:41
MERGED from [de.hdodenhof:circleimageview:2.1.0] AndroidManifest.xml:5:5-7:41
MERGED from [de.hdodenhof:circleimageview:2.1.0] AndroidManifest.xml:5:5-7:41
MERGED from [cn.jiguang.sdk:jmessage:2.8.0] AndroidManifest.xml:7:5-9:41
MERGED from [cn.jiguang.sdk:jmessage:2.8.0] AndroidManifest.xml:7:5-9:41
MERGED from [cn.jiguang.sdk:jcore:1.2.6] AndroidManifest.xml:7:5-9:41
MERGED from [cn.jiguang.sdk:jcore:1.2.6] AndroidManifest.xml:7:5-9:41
MERGED from [cn.smssdk:SMSSDK:3.3.0] AndroidManifest.xml:7:5-9:41
MERGED from [cn.smssdk:SMSSDK:3.3.0] AndroidManifest.xml:7:5-9:41
MERGED from [cn.smssdk:ShortMessageSDKGUI:3.3.0] AndroidManifest.xml:8:5-11:45
MERGED from [cn.smssdk:ShortMessageSDKGUI:3.3.0] AndroidManifest.xml:8:5-11:45
MERGED from [:library] AndroidManifest.xml:7:5-9:41
MERGED from [:library] AndroidManifest.xml:7:5-9:41
MERGED from [:silicompressor] AndroidManifest.xml:7:5-9:41
MERGED from [:silicompressor] AndroidManifest.xml:7:5-9:41
MERGED from [com.android.support:design:27.1.1] AndroidManifest.xml:20:5-44
MERGED from [com.android.support:design:27.1.1] AndroidManifest.xml:20:5-44
MERGED from [com.shuyu:GSYVideoPlayer:6.0.2] AndroidManifest.xml:7:5-9:41
MERGED from [com.shuyu:GSYVideoPlayer:6.0.2] AndroidManifest.xml:7:5-9:41
MERGED from [com.shuyu:gsyVideoPlayer-java:6.0.2] AndroidManifest.xml:7:5-9:41
MERGED from [com.shuyu:gsyVideoPlayer-java:6.0.2] AndroidManifest.xml:7:5-9:41
MERGED from [com.android.support:appcompat-v7:27.1.1] AndroidManifest.xml:20:5-44
MERGED from [com.android.support:appcompat-v7:27.1.1] AndroidManifest.xml:20:5-44
MERGED from [com.android.support.constraint:constraint-layout:1.0.2] AndroidManifest.xml:5:5-7:41
MERGED from [com.android.support.constraint:constraint-layout:1.0.2] AndroidManifest.xml:5:5-7:41
MERGED from [com.andkulikov:transitionseverywhere:1.7.0] AndroidManifest.xml:8:5-10:41
MERGED from [com.andkulikov:transitionseverywhere:1.7.0] AndroidManifest.xml:8:5-10:41
MERGED from [com.android.support:support-v4:27.1.1] AndroidManifest.xml:20:5-44
MERGED from [com.android.support:support-v4:27.1.1] AndroidManifest.xml:20:5-44
MERGED from [com.android.support:cardview-v7:27.0.2] AndroidManifest.xml:20:5-44
MERGED from [com.android.support:cardview-v7:27.0.2] AndroidManifest.xml:20:5-44
MERGED from [com.android.support:recyclerview-v7:27.1.1] AndroidManifest.xml:20:5-44
MERGED from [com.android.support:recyclerview-v7:27.1.1] AndroidManifest.xml:20:5-44
MERGED from [cn.jzvd:jiaozivideoplayer:6.4.1] AndroidManifest.xml:7:5-9:41